2024-02-27 01:10:41 - ERROR - Error on reading from the event loop self pipe
loop: <ProactorEventLoop running=True closed=False debug=False>
Traceback (most recent call last):
  File "C:\Users\BUZZARD\AppData\Local\Programs\Python\Python312\Lib\asyncio\proactor_events.py", line 802, in _loop_self_reading
    f = self._proactor.recv(self._ssock, 4096)
        ^^^^^^^^^^^^^^^^^^^^^^^^^^^^^^^^^^^^^^
  File "C:\Users\BUZZARD\AppData\Local\Programs\Python\Python312\Lib\asyncio\windows_events.py", line 470, in recv
    self._register_with_iocp(conn)
  File "C:\Users\BUZZARD\AppData\Local\Programs\Python\Python312\Lib\asyncio\windows_events.py", line 704, in _register_with_iocp
    _overlapped.CreateIoCompletionPort(obj.fileno(), self._iocp, 0, 0)
OSError: [WinError 87] Paramètre incorrect
2024-02-27 01:10:42 - ERROR - Task exception was never retrieved
future: <Task finished name='Task-106' coro=<Capture.packets_from_tshark() done, defined at C:\Users\BUZZARD\AppData\Local\Programs\Python\Python312\Lib\site-packages\pyshark\capture\capture.py:258> exception=ValueError('Packet capture time exceeded 3 seconds.')>
Traceback (most recent call last):
  File "C:\Users\BUZZARD\AppData\Local\Programs\Python\Python312\Lib\site-packages\pyshark\capture\capture.py", line 267, in packets_from_tshark
    await self._go_through_packets_from_fd(tshark_process.stdout, packet_callback, packet_count=packet_count)
  File "C:\Users\BUZZARD\AppData\Local\Programs\Python\Python312\Lib\site-packages\pyshark\capture\capture.py", line 294, in _go_through_packets_from_fd
    packet_callback(packet)
  File "D:\Git\GTA-V-Session-Sniffer\GTA_V_Session_Sniffer.py", line 984, in packet_callback
    raise ValueError(PACKET_CAPTURE_OVERFLOW)
ValueError: Packet capture time exceeded 3 seconds.
2024-02-27 01:12:36 - DEBUG - Starting new HTTPS connection (1): raw.githubusercontent.com:443
2024-02-27 01:12:36 - DEBUG - https://raw.githubusercontent.com:443 "GET /Illegal-Services/GTA-V-Session-Sniffer/version/version.txt HTTP/1.1" 200 40
2024-02-27 01:12:36 - DEBUG - Using proactor: IocpProactor
